WARN [08-23|09:03:22.352] --node.archive has been deprecated. Please use --node.caching.archive instead. 
INFO [08-23|09:03:22.353] Running Arbitrum nitro node              revision=v2.0.14-2baa834 vcs.time=2023-05-03T14:10:15-06:00
INFO [08-23|09:03:23.421] connected to l1 chain                    l1url=ws://geth:8546 l1chainid=10997
INFO [08-23|09:03:23.421] retaining ability to lookup full transaction history as archive mode is enabled 
INFO [08-23|09:03:23.422] Dev node funded private key              priv=e887f7d17d07cc7b8004053fb8826f6657084e88904bb61590e498ca04704cf2
INFO [08-23|09:03:23.422] Funded public address                    addr=0x683642c22feDE752415D4793832Ab75EFdF6223c
INFO [08-23|09:03:23.423] Allocated cache and file handles         database=/home/user/.arbitrum/local/nitro/l2chaindata cache=16.00MiB handles=16  readonly=true
INFO [08-23|09:03:23.423] Allocated cache and file handles         database=/home/user/.arbitrum/local/nitro/l2chaindata cache=2.00GiB  handles=512
INFO [08-23|09:03:23.576] Opened ancient database                  database=/home/user/.arbitrum/local/nitro/l2chaindata/ancient/chain readonly=false
INFO [08-23|09:03:23.576] Initializing                             ancients=0 genesisBlockNr=0
INFO [08-23|09:03:23.577] addresss table import complete 
INFO [08-23|09:03:23.577] retryables import complete 
INFO [08-23|09:03:23.578] Persisted trie from memory database      nodes=48 size=5.57KiB time="135.913µs" gcnodes=0 gcsize=0.00B gctime=0s livenodes=1 livesize=0.00B
INFO [08-23|09:03:23.578] Persisted trie from memory database      nodes=4  size=771.00B time="25.494µs"  gcnodes=0 gcsize=0.00B gctime=0s livenodes=1 livesize=0.00B
INFO [08-23|09:03:23.579] wrote genesis block                      number=0 hash=6899c9..c369ae
INFO [08-23|09:03:23.580] Loaded most recent local header          number=0 hash=6899c9..c369ae td=1 age=54y5mo2d
INFO [08-23|09:03:23.580] Loaded most recent local full block      number=0 hash=6899c9..c369ae td=1 age=54y5mo2d
INFO [08-23|09:03:23.580] Loaded most recent local fast block      number=0 hash=6899c9..c369ae td=1 age=54y5mo2d
WARN [08-23|09:03:23.580] Failed to load snapshot, regenerating    err="missing or corrupted snapshot"
INFO [08-23|09:03:23.580] Rebuilding state snapshot 
INFO [08-23|09:03:23.581] Resuming state snapshot generation       root=1916c8..72ec86 accounts=0 slots=0 storage=0.00B dangling=0 elapsed="718.403µs"
INFO [08-23|09:03:23.582] Allocated cache and file handles         database=/home/user/.arbitrum/local/nitro/arbitrumdata cache=16.00MiB handles=16
INFO [08-23|09:03:23.583] Generated state snapshot                 accounts=16 slots=22 storage=2.57KiB dangling=0 elapsed=2.566ms
INFO [08-23|09:03:23.599] Allocated cache and file handles         database=/home/user/.arbitrum/local/nitro/classic-msg cache=16.00MiB handles=16  readonly=true
INFO [08-23|09:03:23.616] running as validator                     txSender=0x6A568afe0f82d34759347bb36F14A6bB171d2CBe actingAsWallet=nil whitelisted=false strategy=MakeNodes
INFO [08-23|09:03:23.616] Starting peer-to-peer node               instance=nitro/vv2.0.14-2baa834/linux-amd64/go1.19.9
WARN [08-23|09:03:23.616] P2P server will be useless, neither dialing nor listening 
INFO [08-23|09:03:23.636] New local node record                    seq=1,692,781,403,635 id=6850edcd437e5096 ip=127.0.0.1 udp=0 tcp=0
INFO [08-23|09:03:23.636] Started P2P networking                   self=enode://d15180105dc83cccac62ac99e41d4f41cd042dfe9a7bb97928a295fc46652ec899f39fc36c7ce2e4b6c7ec572896c020b514f698683ab94a94d3d48cdad3bacd@127.0.0.1:0
INFO [08-23|09:03:23.637] Loaded JWT secret file                   path=/home/user/.arbitrum/local/nitro/jwtsecret crc32=0x1e77022b
INFO [08-23|09:03:23.638] HTTP server started                      endpoint=[::]:8547 auth=false prefix= cors=* vhosts=*
INFO [08-23|09:03:23.638] WebSocket enabled                        url=ws://[::]:8548
INFO [08-23|09:03:23.638] WebSocket enabled                        url=ws://127.0.0.1:8549
INFO [08-23|09:03:23.638] HTTP server started                      endpoint=127.0.0.1:8549 auth=true  prefix= cors=localhost vhosts=
WARN [08-23|09:03:23.638] Error reading unclean shutdown markers   error="leveldb: not found"
INFO [08-23|09:03:23.638] InboxTracker                             SequencerBatchCount=0
WARN [08-23|09:03:23.646] empty sequencer message 
WARN [08-23|09:03:23.646] reading virtual delayed message segment  delayedMessagesRead=0 afterDelayedMessages=1
INFO [08-23|09:03:23.646] InboxTracker                             sequencerBatchCount=1 messageCount=1 l1Block=65 l1Timestamp=2023-08-23T08:50:06+0000
WARN [08-23|09:03:23.744] validator address isn't whitelisted      address=nil txSender=0x6A568afe0f82d34759347bb36F14A6bB171d2CBe
WARN [08-23|09:03:33.756] validator address isn't whitelisted      address=nil txSender=0x6A568afe0f82d34759347bb36F14A6bB171d2CBe
INFO [08-23|09:03:42.037] InboxTracker                             sequencerBatchCount=2 messageCount=26 l1Block=133 l1Timestamp=2023-08-23T09:03:26+0000
INFO [08-23|09:03:42.046] created block                            l2Block=1 l2BlockHash=61d6b6..b76fb0
INFO [08-23|09:03:43.046] created block                            l2Block=25 l2BlockHash=ac9de6..f9bcfb
WARN [08-23|09:03:43.767] validator address isn't whitelisted      address=nil txSender=0x6A568afe0f82d34759347bb36F14A6bB171d2CBe
WARN [08-23|09:03:53.779] validator address isn't whitelisted      address=nil txSender=0x6A568afe0f82d34759347bb36F14A6bB171d2CBe
WARN [08-23|09:04:03.790] validator address isn't whitelisted      address=nil txSender=0x6A568afe0f82d34759347bb36F14A6bB171d2CBe
WARN [08-23|09:04:13.801] validator address isn't whitelisted      address=nil txSender=0x6A568afe0f82d34759347bb36F14A6bB171d2CBe
WARN [08-23|09:04:23.812] validator address isn't whitelisted      address=nil txSender=0x6A568afe0f82d34759347bb36F14A6bB171d2CBe
WARN [08-23|09:04:33.821] validator address isn't whitelisted      address=nil txSender=0x6A568afe0f82d34759347bb36F14A6bB171d2CBe
WARN [08-23|09:04:43.831] validator address isn't whitelisted      address=nil txSender=0x6A568afe0f82d34759347bb36F14A6bB171d2CBe
WARN [08-23|09:04:53.841] validator address isn't whitelisted      address=nil txSender=0x6A568afe0f82d34759347bb36F14A6bB171d2CBe
WARN [08-23|09:05:03.850] validator address isn't whitelisted      address=nil txSender=0x6A568afe0f82d34759347bb36F14A6bB171d2CBe
WARN [08-23|09:05:13.859] validator address isn't whitelisted      address=nil txSender=0x6A568afe0f82d34759347bb36F14A6bB171d2CBe
INFO [08-23|09:05:13.869] creating node                            hash=5b3d7b..ac5b07 lastNode=0 parentNode=0
INFO [08-23|09:05:13.871] staking to execute transactions 
INFO [08-23|09:05:18.011] created validator smart contract wallet  address=0xf10EF80c6eF4930A62C5F9661c91339Df4dBB173
INFO [08-23|09:05:30.008] successfully executed staker transaction hash=8da4f8..f34c10
INFO [08-23|09:08:49.907] shutting down because of sigint 
WARN [08-23|09:08:49.908] HTTP server graceful shutdown timed out 
INFO [08-23|09:08:49.908] HTTP server stopped                      endpoint=[::]:8547
WARN [08-23|09:08:49.908] HTTP server graceful shutdown timed out 
INFO [08-23|09:08:49.908] HTTP server stopped                      endpoint=[::]:8548
WARN [08-23|09:08:49.908] HTTP server graceful shutdown timed out 
INFO [08-23|09:08:49.908] HTTP server stopped                      endpoint=127.0.0.1:8549
INFO [08-23|09:08:49.908] delayed sequencer: context done          err="context canceled"
INFO [08-23|09:08:49.909] Writing clean trie cache to disk         path=/home/user/.arbitrum/local/nitro/triecache threads=2
INFO [08-23|09:08:49.926] Persisted the clean trie cache           path=/home/user/.arbitrum/local/nitro/triecache elapsed=16.328ms
INFO [08-23|09:08:49.926] Blockchain stopped 
